#-----------------------------------------------------------
# Vivado v2020.1 (64-bit)
# SW Build 2902540 on Wed May 27 19:54:49 MDT 2020
# IP Build 2902112 on Wed May 27 22:43:36 MDT 2020
# Start of session at: Fri May  5 17:35:08 2023
# Process ID: 13248
# Current directory: E:/CA project/Final_RISCVPROCESSOR_Pipelined (2)/Final_RISCVPROCESSOR_Pipelined
# Command line: vivado.exe -gui_launcher_event rodinguilauncherevent12484 E:\CA project\Final_RISCVPROCESSOR_Pipelined (2)\Final_RISCVPROCESSOR_Pipelined\Final_RISCVPROCESSOR_Pipelined.xpr
# Log file: E:/CA project/Final_RISCVPROCESSOR_Pipelined (2)/Final_RISCVPROCESSOR_Pipelined/vivado.log
# Journal file: E:/CA project/Final_RISCVPROCESSOR_Pipelined (2)/Final_RISCVPROCESSOR_Pipelined\vivado.jou
#-----------------------------------------------------------
start_gui
open_project {E:/CA project/Final_RISCVPROCESSOR_Pipelined (2)/Final_RISCVPROCESSOR_Pipelined/Final_RISCVPROCESSOR_Pipelined.xpr}
INFO: [Project 1-313] Project file moved from 'C:/Users/yoush/OneDrive/Desktop/Final_RISCVPROCESSOR_Pipelined' since last save.
Scanning sources...
Finished scanning sources
INFO: [IP_Flow 19-234] Refreshing IP repositories
INFO: [IP_Flow 19-1704] No user IP repositories specified
INFO: [IP_Flow 19-2313] Loaded Vivado IP repository 'C:/Vivado/2020.1/data/ip'.
ERROR: [Vivado 12-106] *** Exception: java.lang.NullPointerException (See E:/CA project/Final_RISCVPROCESSOR_Pipelined (2)/Final_RISCVPROCESSOR_Pipelined/vivado_pid13248.debug)
open_project: Time (s): cpu = 00:00:41 ; elapsed = 00:01:02 . Memory (MB): peak = 1204.074 ; gain = 0.000
ERROR: [Common 17-39] 'open_project' failed due to earlier errors.
update_compile_order -fileset sources_1
exit
INFO: [Common 17-206] Exiting Vivado at Fri May  5 23:36:27 2023...
