#-----------------------------------------------------------
# Vivado v2020.1 (64-bit)
# SW Build 2902540 on Wed May 27 19:54:49 MDT 2020
# IP Build 2902112 on Wed May 27 22:43:36 MDT 2020
# Start of session at: Fri May  5 17:33:52 2023
# Process ID: 12412
# Current directory: E:/CA project/task3final
# Command line: vivado.exe -gui_launcher_event rodinguilauncherevent2572 E:\CA project\task3final\task3final.xpr
# Log file: E:/CA project/task3final/vivado.log
# Journal file: E:/CA project/task3final\vivado.jou
#----------------------------------------------------------ststart_guopen_project {E:/CA project/task3final/task3final.xpr}
INFO: [Project 1-313] Project file moved from 'C:/Users/Pc/Desktop/4 pm project ca run testing iqra rabia yosuahy sidra/task3final' since last save.
Scanning sources...
Finished scanning sources
INFO: [IP_Flow 19-234] Refreshing IP repositories
INFO: [IP_Flow 19-1704] No user IP repositories specified
INFO: [IP_Flow 19-2313] Loaded Vivado IP repository 'C:/Vivado/2020.1/data/ip'.
open_project: Time (s): cpu = 00:00:32 ; elapsed = 00:01:16 . Memory (MB): peak = 1025.668 ; gain = 0.000
update_compile_order -fileset sources_1
exexit
INFO: [Common 17-206] Exiting Vivado at Fri May  5 23:36:11 2023...
